<?xml version="1.0" encoding="UTF-8"?>
<!-- Generated by org.testng.reporters.JUnitXMLReporter -->
<testsuite hostname="DESKTOP-D1SRNT3" ignored="0" name="banking test" tests="1" failures="1" timestamp="2021-12-03T23:10:30 IST" time="47.914" errors="0">
  <testcase name="loginTest" time="26.956" classname="com.TestCases.TC_loginTest_001">
    <failure type="java.lang.AssertionError" message="expected [true] but found [false]">
      <![CDATA[java.lang.AssertionError: expected [true] but found [false]
at com.TestCases.TC_loginTest_001.loginTest(TC_loginTest_001.java:35)
at java.util.ArrayList.forEach(ArrayList.java:1257)
... Removed 34 stack frames]]>
    </failure>
  </testcase> <!-- loginTest -->
</testsuite> <!-- banking test -->
